<?xml version="1.0" encoding="UTF-8"?>
<!-- Generated by org.testng.reporters.JUnitReportReporter -->
<testsuite skipped="0" hostname="DESKTOP-5Q0UQTD" name="com.test.TestNGExecute" tests="4" failures="0" timestamp="23 Oct 2021 11:43:48 GMT" time="26.673" errors="0">
  <testcase name="testCase1" time="6.141" classname="com.test.TestNGExecute"/>
  <testcase name="testCase1" time="6.920" classname="com.test.TestNGExecute"/>
  <testcase name="testCase1" time="7.017" classname="com.test.TestNGExecute"/>
  <testcase name="testCase1" time="6.595" classname="com.test.TestNGExecute"/>
</testsuite> <!-- com.test.TestNGExecute -->
