<?xml version="1.0" encoding="UTF-8"?>
<!-- Generated by org.testng.reporters.JUnitReportReporter -->
<testsuite skipped="0" hostname="DESKTOP-5Q0UQTD" name="com.test.Sample" tests="2" failures="0" timestamp="23 Oct 2021 17:49:44 GMT" time="20.339" errors="0">
  <testcase name="testCase1" time="12.404" classname="com.test.Sample"/>
  <testcase name="testCase1" time="7.935" classname="com.test.Sample"/>
</testsuite> <!-- com.test.Sample -->
