<?xml version="1.0" encoding="UTF-8"?>
<!-- Generated by org.testng.reporters.JUnitReportReporter -->
<testsuite skipped="0" hostname="DESKTOP-5Q0UQTD" name="com.test.TestNGGroup" tests="2" failures="0" timestamp="23 Oct 2021 21:13:20 GMT" time="10.581" errors="0">
  <testcase name="testCase1" time="5.505" classname="com.test.TestNGGroup"/>
  <testcase name="testCase2" time="5.076" classname="com.test.TestNGGroup"/>
</testsuite> <!-- com.test.TestNGGroup -->
