<?xml version="1.0" encoding="UTF-8"?>
<!-- Generated by org.testng.reporters.JUnitReportReporter -->
<testsuite skipped="0" hostname="DESKTOP-5Q0UQTD" name="com.test.Sample2" tests="3" failures="0" timestamp="23 Oct 2021 20:26:45 GMT" time="0.018" errors="0">
  <testcase name="testCase4" time="0.002" classname="com.test.Sample2"/>
  <testcase name="testCase1" time="0.014" classname="com.test.Sample2"/>
  <testcase name="testCase2" time="0.002" classname="com.test.Sample2"/>
</testsuite> <!-- com.test.Sample2 -->
