<?xml version="1.0" encoding="UTF-8"?>
<!-- Generated by org.testng.reporters.JUnitReportReporter -->
<testsuite skipped="0" hostname="DESKTOP-5Q0UQTD" name="com.test.TestNGAnnotation" tests="1" failures="0" timestamp="23 Oct 2021 17:33:49 GMT" time="8.715" errors="0">
  <testcase name="testCase1" time="8.715" classname="com.test.TestNGAnnotation"/>
</testsuite> <!-- com.test.TestNGAnnotation -->
